{
  "RSpec": {
    "coverage": {
      "/Users/sartori/Sites/Private/subscribe/spec/helpers/order_input_spec.rb": {
        "lines": [
          null,
          null,
          1,
          null,
          1,
          0,
          0,
          0,
          null,
          0,
          null,
          null,
          1,
          1,
          1,
          1,
          1,
          null,
          1,
          null,
          null,
          1,
          null,
          1,
          1,
          1,
          null,
          null
        ],
        "branches": {}
      },
      "/Users/sartori/Sites/Private/subscribe/spec/helpers/order_printer_spec.rb": {
        "lines": [
          null,
          null,
          1,
          null,
          1,
          1,
          1,
          1,
          1,
          1,
          1,
          1,
          null,
          null,
          null,
          null,
          null,
          null,
          null,
          null,
          null,
          null,
          null,
          null
        ],
        "branches": {}
      },
      "/Users/sartori/Sites/Private/subscribe/spec/helpers/tax_calculator_spec.rb": {
        "lines": [
          null,
          null,
          1,
          null,
          1,
          1,
          2,
          2,
          null,
          1,
          1,
          1,
          null,
          null,
          1,
          1,
          1,
          null,
          null,
          1,
          1,
          1,
          null,
          null
        ],
        "branches": {}
      },
      "/Users/sartori/Sites/Private/subscribe/spec/main_v1_spec.rb": {
        "lines": [
          null,
          null,
          1,
          null,
          1,
          6,
          6,
          16,
          null,
          6,
          null,
          null,
          1,
          1,
          1,
          1,
          1,
          null,
          1,
          null,
          null,
          1,
          null,
          1,
          1,
          1,
          null,
          null,
          null,
          1,
          1,
          1,
          1,
          1,
          null,
          null,
          1,
          1,
          1,
          1,
          null,
          null,
          1,
          1,
          1,
          1,
          null,
          null,
          1,
          1,
          1,
          1,
          null,
          null,
          null,
          1,
          1,
          3,
          null,
          null,
          null,
          null,
          null,
          4,
          null,
          2,
          2,
          2,
          null,
          null,
          1,
          1,
          1,
          1,
          11,
          null,
          1,
          1,
          1,
          1,
          null,
          null,
          1,
          1,
          1,
          4,
          null,
          1,
          1,
          1,
          1,
          null,
          null,
          1,
          1,
          1,
          5,
          null,
          1,
          1,
          1,
          1,
          null,
          null,
          1,
          1,
          1,
          1,
          1,
          1,
          null,
          null,
          1,
          1,
          1,
          1,
          1,
          1,
          null,
          null,
          null,
          1,
          1,
          null,
          1,
          null,
          null,
          null,
          1,
          1,
          null,
          1,
          1,
          null,
          null,
          null,
          null,
          null,
          null,
          null,
          null,
          null,
          null,
          null,
          null,
          null,
          1,
          1,
          2,
          null,
          null,
          null,
          null
        ],
        "branches": {}
      },
      "/Users/sartori/Sites/Private/subscribe/lib/main_v1.rb": {
        "lines": [
          null,
          null,
          null,
          1,
          null,
          null,
          null,
          null,
          1,
          2,
          null,
          2,
          4,
          4,
          null,
          4,
          4,
          null,
          null,
          2,
          null,
          null,
          1,
          35,
          35,
          null,
          35,
          469,
          null,
          null,
          6,
          null,
          null,
          1,
          8,
          31,
          31,
          31,
          null,
          null,
          31,
          null,
          null,
          null,
          null,
          null,
          null,
          null,
          null,
          1,
          5,
          5,
          5,
          22,
          22,
          null,
          2,
          2,
          null,
          5,
          null,
          null,
          1,
          1,
          3,
          1,
          1,
          1,
          1,
          1,
          null,
          null,
          1,
          1,
          null,
          null,
          1,
          0,
          0,
          0,
          0,
          0
        ],
        "branches": {
          "[:if, 0, 17, 4, 17, 50]": {
            "[:then, 1, 17, 4, 17, 9]": 2,
            "[:else, 2, 17, 4, 17, 50]": 2
          },
          "[:if, 3, 28, 4, 28, 73]": {
            "[:then, 4, 28, 4, 28, 19]": 29,
            "[:else, 5, 28, 4, 28, 73]": 48
          },
          "[:if, 6, 55, 4, 55, 37]": {
            "[:then, 7, 55, 4, 55, 8]": 20,
            "[:else, 8, 55, 4, 55, 37]": 2
          },
          "[:if, 9, 58, 13, 58, 57]": {
            "[:then, 10, 58, 34, 58, 53]": 1,
            "[:else, 11, 58, 56, 58, 57]": 1
          },
          "[:if, 12, 77, 0, 83, 3]": {
            "[:then, 13, 78, 2, 82, 44]": 0,
            "[:else, 14, 77, 0, 83, 3]": 1
          }
        }
      },
      "/Users/sartori/Sites/Private/subscribe/spec/models/order_item_spec.rb": {
        "lines": [
          null,
          null,
          1,
          null,
          1,
          10,
          10,
          10,
          null,
          1,
          1,
          1,
          1,
          1,
          1,
          1,
          null,
          null,
          1,
          1,
          1,
          1,
          1,
          1,
          null,
          null,
          1,
          1,
          1,
          1,
          1,
          1,
          null,
          null,
          null,
          1,
          1,
          1,
          null,
          null,
          1,
          1,
          null,
          null,
          1,
          1,
          null,
          null,
          null,
          1,
          1,
          1,
          null,
          null,
          1,
          1,
          null,
          null,
          1,
          1,
          null,
          null
        ],
        "branches": {}
      },
      "/Users/sartori/Sites/Private/subscribe/spec/models/order_spec.rb": {
        "lines": [
          null,
          null,
          null,
          1,
          null,
          1,
          1,
          1,
          1,
          1,
          null,
          null,
          null,
          1,
          1,
          1,
          null,
          1,
          1,
          null,
          null,
          1,
          null,
          null,
          null,
          1,
          1,
          1,
          1,
          1,
          null,
          1,
          null,
          null,
          null,
          1,
          1,
          1,
          1,
          1,
          null,
          null,
          1,
          null,
          null
        ],
        "branches": {}
      }
    },
    "timestamp": 1770389546
  }
}
